<?xml version="1.0" encoding="UTF-8"?><testsuite errors="0" failures="0" name="com.studentapp.studentinfo.StudentCURDTestWithSteps" skipped="0" tests="4" time="15.74" timestamp="2020-12-19T16:42:48.496Z[Europe/London]"><testcase classname="com.studentapp.studentinfo.StudentCURDTestWithSteps" name="This will create a new student"/><testcase classname="com.studentapp.studentinfo.StudentCURDTestWithSteps" name="Verify if the student was added to the application"/><testcase classname="com.studentapp.studentinfo.StudentCURDTestWithSteps" name="Update the user information and verify the updated information"/><testcase classname="com.studentapp.studentinfo.StudentCURDTestWithSteps" name="Delete the student and verify if the student is deleted!"/></testsuite>